<?xml version="1.0" encoding="UTF-8"?>
<testsuite name="TestSuite" tests="13" skipped="0" failures="0" errors="0" timestamp="2022-12-13T23:36:49" hostname="MacBook-Air-de-Javier.local" time="0.041">
  <properties/>
  <testcase name="TestEditNonExistingBook()" classname="TestSuite" time="0.007"/>
  <testcase name="testAddExistingBook()" classname="TestSuite" time="0.0"/>
  <testcase name="testSearchExistingBookByAuthor()" classname="TestSuite" time="0.019"/>
  <testcase name="testChageBookStatusToAvailable()" classname="TestSuite" time="0.001"/>
  <testcase name="testSearchNonExistingBookByAuthor()" classname="TestSuite" time="0.001"/>
  <testcase name="TestEditExistingBook()" classname="TestSuite" time="0.001"/>
  <testcase name="testSearchNonExistingBookByISBN()" classname="TestSuite" time="0.0"/>
  <testcase name="testSearchExistingBookByTitle()" classname="TestSuite" time="0.001"/>
  <testcase name="testSearchExistingBookByISBN()" classname="TestSuite" time="0.001"/>
  <testcase name="testChageBookStatusToUnavailable()" classname="TestSuite" time="0.001"/>
  <testcase name="TestChangeUnexistingBookStatus()" classname="TestSuite" time="0.0"/>
  <testcase name="testAddNotExistingBook()" classname="TestSuite" time="0.0"/>
  <testcase name="testSearchNonExistingBookyTitle()" classname="TestSuite" time="0.0"/>
  <system-out><![CDATA[]]></system-out>
  <system-err><![CDATA[SLF4J: No SLF4J providers were found.
SLF4J: Defaulting to no-operation (NOP) logger implementation
SLF4J: See http://www.slf4j.org/codes.html#noProviders for further details.
]]></system-err>
</testsuite>
